[2019/06/13 18:45:38] ERROR Syntax Error:実行時に -EnableAzureBackup / -DisableAzureBackup を指定してください。
[2019/06/13 18:45:44] INFO Azure Backupを有効化します。
[2019/06/13 18:45:44] INFO 設定ファイルPath：C:\Users\naruhiro.ikeya\Documents\GitHub\AzurePowerShell\etc
[2019/06/13 18:45:44] INFO 設定ファイル名：AzureCredential
[2019/06/13 18:45:49] INFO zure Backup有効化処理:開始
[2019/06/13 18:45:50] INFO 処理中にエラーが発生しました。
[2019/06/13 18:45:50] INFO Microsoft.PowerShell.Commands.Internal.Format.FormatEntryData
[2019/06/13 18:48:37] INFO Azure Backupを有効化します。
[2019/06/13 18:48:37] INFO 設定ファイルPath：C:\Users\naruhiro.ikeya\Documents\GitHub\AzurePowerShell\etc
[2019/06/13 18:48:37] INFO 設定ファイル名：AzureCredential
[2019/06/13 18:48:41] INFO Azure Backup有効化処理:開始
[2019/06/13 18:48:43] ERROR バックアップポリシーの作成に失敗しました。
[2019/06/13 18:51:19] INFO Azure Backupを有効化します。
[2019/06/13 18:51:19] INFO 設定ファイルPath：C:\Users\naruhiro.ikeya\Documents\GitHub\AzurePowerShell\etc
[2019/06/13 18:51:19] INFO 設定ファイル名：AzureCredential
[2019/06/13 18:51:19] INFO Azureへログイン:開始
[2019/06/13 18:51:50] INFO Azureへログイン:成功
[2019/06/13 18:51:53] INFO Azure Backup有効化処理:開始
[2019/06/13 18:51:55] ERROR バックアップポリシーの作成に失敗しました。
[2019/06/13 18:53:51] INFO Azure Backupを無効化します。
[2019/06/13 18:53:51] INFO 設定ファイルPath：C:\Users\naruhiro.ikeya\Documents\GitHub\AzurePowerShell\etc
[2019/06/13 18:53:51] INFO 設定ファイル名：AzureCredential
[2019/06/13 18:53:51] INFO Azureへログイン:開始
[2019/06/13 18:54:04] INFO Azureへログイン:成功
[2019/06/13 18:54:07] INFO zure Backup無効化処理:開始
[2019/06/13 18:54:07] INFO DefaultPolicyの無効化時間帯は 1130〜1230(UTC)です。
[2019/06/13 18:54:07] INFO DefaultPolicyは無効化処理の対象外です。
[2019/06/13 18:54:07] INFO zure Backup無効化処理:完了
[2019/06/13 18:56:28] INFO Azure Backupを無効化します。
[2019/06/13 18:56:28] INFO 設定ファイルPath：C:\Users\naruhiro.ikeya\Documents\GitHub\AzurePowerShell\etc
[2019/06/13 18:56:28] INFO 設定ファイル名：AzureCredential
[2019/06/13 18:56:28] INFO Azureへログイン:開始
[2019/06/13 18:56:44] INFO Azureへログイン:成功
[2019/06/13 18:56:47] INFO zure Backup無効化処理:開始
[2019/06/13 18:56:47] INFO DefaultPolicyの無効化時間帯は 1130〜1230(UTC)です。
[2019/06/13 18:56:47] INFO DefaultPolicyは無効化処理の対象外です。
[2019/06/13 18:56:47] INFO Azure Backup無効化処理:完了
[2019/06/13 18:57:53] INFO ログローテーション処理を開始します。
