[2019/06/24 00:54:56] INFO Azureへログイン:成功
[2019/06/24 00:54:56] INFO Recovery Servicesコンテナの選択:開始
[2019/06/24 00:54:58] INFO 選択されたRecovery Servicesコンテナ:ikeyan-rsc
[2019/06/24 00:54:58] INFO Recovery Servicesコンテナの選択:完了
[2019/06/24 00:54:58] INFO 最新のリカバリジョブ結果詳細取得:開始
[2019/06/24 00:55:00] INFO 最新のリカバリジョブ結果
[2019/06/24 00:55:01] INFO 最新のリカバリジョブ結果詳細取得:完了
[2019/06/24 00:55:01] INFO リカバリジョブConfig取得:開始
[2019/06/24 00:55:02] INFO Configファイル（C:\Users\naruhiro.ikeya\Documents\GitHub\AzurePowerShell\bin\testvm_config.json）のダウンロードが完了しました
[2019/06/24 00:55:02] INFO リカバリジョブConfig取得:完了
[2019/06/24 00:55:02] INFO リカバリしたディスクの正常確認:開始
[2019/06/24 00:55:02] INFO リカバリしたディスクの正常確認:完了
[2019/06/24 00:55:02] INFO 仮想マシンの構成情報退避:開始
[2019/06/24 00:55:03] INFO 仮想マシンの構成情報退避:完了
[2019/06/24 00:55:03] INFO リカバリ対象仮想マシンの停止:開始
[2019/06/24 00:55:03] INFO リカバリ対象仮想マシンを停止します:testvm
[2019/06/24 00:55:14] INFO 仮想マシンの停止:完了
[2019/06/24 00:55:14] INFO リカバリ対象仮想マシンの停止:完了
[2019/06/24 00:55:14] INFO 仮想マシンのデータディスク置換処理:開始
[2019/06/24 00:55:14] INFO リカバリしたデータディスクを削除します:testvm-datadisk-000-20190623-155233
[2019/06/24 00:55:45] INFO 複製元データディスク削除:完了:
[2019/06/24 00:55:45] INFO リカバリしたデータディスクを削除します:testvm-datadisk-001-20190623-155233
[2019/06/24 00:56:16] INFO 複製元データディスク削除:完了:
[2019/06/24 00:56:16] INFO 仮想マシンのデータディスク置換処理:完了
[2019/06/24 00:56:16] INFO 仮想マシンの再構築処理:開始
[2019/06/24 00:56:16] INFO OSディスクのリプレイス処理を開始します:testvm-osdisk-20190623-155233
[2019/06/24 00:56:18] INFO OSディスクのリプレイス:完了
[2019/06/24 00:56:50] INFO 仮想マシンの構成変更:完了
[2019/06/24 00:57:21] INFO OSディスク削除:完了:
[2019/06/24 00:57:21] INFO 仮想マシンを起動します:testvm
[2019/06/24 00:59:41] INFO 仮想マシンの起動:完了
[2019/06/24 00:59:41] INFO 仮想マシンの再構築処理:完了
