[2019/06/23 21:55:33] INFO 認証情報ファイルパス：C:\Users\naruhiro.ikeya\Documents\GitHub\AzurePowerShell\etc
[2019/06/23 21:55:33] INFO 認証情報ファイル名：AzureCredential.xml
[2019/06/23 21:55:33] INFO Azureへログイン:開始
[2019/06/23 21:55:51] INFO Azureへログイン:成功
[2019/06/23 21:55:51] INFO ecovery Servicesコンテナの選択:開始
[2019/06/23 21:55:53] INFO 選択されたRecovery Servicesコンテナ:ikeyan-rsc
[2019/06/23 21:55:53] INFO ecovery Servicesコンテナの選択:完了
[2019/06/23 21:55:53] INFO 最新のリカバリジョブ結果詳細取得:開始
[2019/06/23 21:55:56] INFO 最新のリカバリジョブ結果
[2019/06/23 21:55:56] INFO 最新のリカバリジョブ結果詳細取得:完了
[2019/06/23 21:55:56] INFO リカバリジョブConfig取得:開始
[2019/06/23 21:55:58] INFO Configファイル（C:\Users\naruhiro.ikeya\Documents\GitHub\AzurePowerShell\bin\testvm_config.json）のダウンロードが完了しました。
[2019/06/23 21:55:58] INFO リカバリジョブConfig取得:完了
[2019/06/23 21:55:58] INFO リカバリしたディスクの正常確認:開始
[2019/06/23 21:56:01] INFO リカバリしたディスクの正常確認:完了
[2019/06/23 21:56:01] INFO 仮想マシンの構成情報退避:開始
[2019/06/23 21:56:01] INFO 仮想マシンの構成情報退避:完了
[2019/06/23 21:56:01] INFO 既存仮想マシンの削除:開始
[2019/06/23 21:56:12] INFO 仮想マシン停止完了:testvm
[2019/06/23 21:57:05] INFO 仮想マシン削除完了:testvm
[2019/06/23 21:57:05] INFO 既存仮想マシンの削除:完了
[2019/06/23 21:57:05] INFO 仮想マシンのOSディスク置換処理:開始
[2019/06/23 21:57:37] INFO 現行OSディスク削除完了:testvm_OsDisk_1_d9428f8414284939856451cc9419597e
[2019/06/23 21:58:09] INFO リカバリOSディスクの複製完了
[2019/06/23 21:58:43] INFO 複製元OSディスク削除完了:testvm-osdisk-20190623-101558
[2019/06/23 21:58:43] INFO 仮想マシンのOSディスク置換処理:完了
[2019/06/23 21:58:43] INFO 仮想マシンのDataディスク置換処理:開始
[2019/06/23 21:59:14] INFO 現行Dataディスク削除完了:testvm_DataDisk_0
[2019/06/23 21:59:45] INFO 現行Dataディスク削除完了:testvm_DataDisk_1
[2019/06/23 21:59:45] INFO 既存仮想マシンのDataディスク削除:完了
[2019/06/23 22:00:18] INFO リカバリDataディスクの複製完了:testvm_DataDisk_0
[2019/06/23 22:00:49] INFO 複製元Dataディスク削除完了:testvm-datadisk-000-20190623-101558
[2019/06/23 22:01:21] INFO リカバリDataディスクの複製完了:testvm_DataDisk_1
[2019/06/23 22:01:52] INFO 複製元Dataディスク削除完了:testvm-datadisk-001-20190623-101558
[2019/06/23 22:01:52] INFO 仮想マシンのDataディスク置換処理:完了
[2019/06/23 22:01:52] INFO 仮想マシンの再構築処理:開始
[2019/06/23 22:01:52] INFO 仮想マシンの設定を開始します。
[2019/06/23 22:01:52] INFO 仮想マシンを作成します。
[2019/06/23 22:03:56] INFO 仮想マシンの再構築処理:完了
